<?xml version="1.0" encoding="UTF-8"?>
<!-- Generated by org.testng.reporters.JUnitReportReporter -->
<testsuite hostname="StormHawker" failures="0" tests="9" name="testNGFramework.AutoTestCase2" time="22.964" errors="0" timestamp="2025-03-27T15:15:29 GMT" skipped="0">
  <testcase classname="testNGFramework.AutoTestCase2" name="verifyRedirectionToApplicationPage" time="0.458"/>
  <testcase classname="testNGFramework.AutoTestCase2" name="verifySignInSignUpButtonPresence" time="0.095"/>
  <testcase classname="testNGFramework.AutoTestCase2" name="verifyNavigationToLoginPage" time="0.799"/>
  <testcase classname="testNGFramework.AutoTestCase2" name="verifySignUpButtonPresence" time="0.031"/>
  <testcase classname="testNGFramework.AutoTestCase2" name="verifyNavigationToCreateAccountPage" time="0.390"/>
  <testcase classname="testNGFramework.AutoTestCase2" name="verifyFieldsOnCreateAccountPage" time="0.171"/>
  <testcase classname="testNGFramework.AutoTestCase2" name="verifyUserRegistration" time="15.621"/>
  <testcase classname="testNGFramework.AutoTestCase2" name="verifyRedirectionToLoginPage" time="0.063"/>
  <testcase classname="testNGFramework.AutoTestCase2" name="verifyLoginToApplication" time="5.336"/>
</testsuite> <!-- testNGFramework.AutoTestCase2 -->
