<?xml version="1.0" encoding="UTF-8"?>
<!-- Generated by org.testng.reporters.JUnitReportReporter -->
<testsuite hostname="StormHawker" failures="0" tests="7" name="testNGFramework.AutoTestCase6" time="6.539" errors="0" timestamp="2025-03-27T15:15:29 GMT" skipped="0">
  <testcase classname="testNGFramework.AutoTestCase6" name="verifyRedirectionToApplicationPage" time="0.031"/>
  <testcase classname="testNGFramework.AutoTestCase6" name="verifySignInButtonPresence" time="0.076"/>
  <testcase classname="testNGFramework.AutoTestCase6" name="verifyNavigationToLoginPage" time="0.743"/>
  <testcase classname="testNGFramework.AutoTestCase6" name="verifyInputLoginDetails" time="0.503"/>
  <testcase classname="testNGFramework.AutoTestCase6" name="verifySignInFunctionality" time="0.105"/>
  <testcase classname="testNGFramework.AutoTestCase6" name="verifySuccessfulLoginMessage" time="5.051"/>
  <testcase classname="testNGFramework.AutoTestCase6" name="verifyAdminDashboard" time="0.030"/>
</testsuite> <!-- testNGFramework.AutoTestCase6 -->
