<?xml version="1.0" encoding="UTF-8"?>
<!-- Generated by org.testng.reporters.JUnitReportReporter -->
<testsuite hostname="StormHawker" failures="0" tests="8" name="testNGFramework.AutoTestCase3" time="7.580" errors="0" timestamp="2025-03-27T15:15:29 GMT" skipped="0">
  <testcase classname="testNGFramework.AutoTestCase3" name="verifyRedirectionToApplicationPage" time="0.534"/>
  <testcase classname="testNGFramework.AutoTestCase3" name="verifySignInSignUpButtonPresence" time="0.069"/>
  <testcase classname="testNGFramework.AutoTestCase3" name="verifyNavigationToLoginPage" time="0.777"/>
  <testcase classname="testNGFramework.AutoTestCase3" name="verifyLoginToApplication" time="5.657"/>
  <testcase classname="testNGFramework.AutoTestCase3" name="verifyHeaderSection" time="0.179"/>
  <testcase classname="testNGFramework.AutoTestCase3" name="verifyViewAllGrantsButton" time="0.032"/>
  <testcase classname="testNGFramework.AutoTestCase3" name="verifyNavigationToAllGrantsDetailsPage" time="0.245"/>
  <testcase classname="testNGFramework.AutoTestCase3" name="verifyAllGrantsDetailsPageContent" time="0.087"/>
</testsuite> <!-- testNGFramework.AutoTestCase3 -->
