<?xml version="1.0" encoding="UTF-8"?>
<!-- Generated by org.testng.reporters.JUnitReportReporter -->
<testsuite hostname="StormHawker" failures="0" tests="9" name="testNGFramework.AutoTestCase2" time="24.584" errors="0" timestamp="2025-03-28T22:56:10 GMT" skipped="0">
  <testcase classname="testNGFramework.AutoTestCase2" name="verifyRedirectionToApplicationPage" time="1.787"/>
  <testcase classname="testNGFramework.AutoTestCase2" name="verifySignInSignUpButtonPresence" time="0.064"/>
  <testcase classname="testNGFramework.AutoTestCase2" name="verifyNavigationToLoginPage" time="1.404"/>
  <testcase classname="testNGFramework.AutoTestCase2" name="verifySignUpButtonPresence" time="0.030"/>
  <testcase classname="testNGFramework.AutoTestCase2" name="verifyNavigationToCreateAccountPage" time="0.126"/>
  <testcase classname="testNGFramework.AutoTestCase2" name="verifyFieldsOnCreateAccountPage" time="0.167"/>
  <testcase classname="testNGFramework.AutoTestCase2" name="verifyUserRegistration" time="15.645"/>
  <testcase classname="testNGFramework.AutoTestCase2" name="verifyRedirectionToLoginPage" time="0.061"/>
  <testcase classname="testNGFramework.AutoTestCase2" name="verifyLoginToApplication" time="5.300"/>
</testsuite> <!-- testNGFramework.AutoTestCase2 -->
