<?xml version="1.0" encoding="UTF-8"?>
<!-- Generated by org.testng.reporters.JUnitReportReporter -->
<testsuite hostname="StormHawker" failures="0" tests="8" name="testNGFramework.AutoTestCase4" time="12.220" errors="0" timestamp="2025-03-27T15:15:29 GMT" skipped="0">
  <testcase classname="testNGFramework.AutoTestCase4" name="verifyRedirectionToNGGIApplication" time="0.042"/>
  <testcase classname="testNGFramework.AutoTestCase4" name="verifySignInSignUpButtonPresence" time="0.083"/>
  <testcase classname="testNGFramework.AutoTestCase4" name="verifyNavigationToLoginPage" time="0.702"/>
  <testcase classname="testNGFramework.AutoTestCase4" name="verifyLoginFunctionality" time="0.677"/>
  <testcase classname="testNGFramework.AutoTestCase4" name="verifySuccessfulLoginNavigation" time="5.118"/>
  <testcase classname="testNGFramework.AutoTestCase4" name="verifyHeaderSectionButtons" time="0.182"/>
  <testcase classname="testNGFramework.AutoTestCase4" name="verifyGrantFormNavigation" time="0.295"/>
  <testcase classname="testNGFramework.AutoTestCase4" name="verifyGrantApplicationFormFields" time="5.121"/>
</testsuite> <!-- testNGFramework.AutoTestCase4 -->
