<?xml version="1.0" encoding="UTF-8"?>
<!-- Generated by org.testng.reporters.JUnitReportReporter -->
<testsuite hostname="StormHawker" failures="0" tests="6" name="testNGFramework.AutoTestCase1" time="2.266" errors="0" timestamp="2025-03-27T15:15:29 GMT" skipped="0">
  <testcase classname="testNGFramework.AutoTestCase1" name="verifyRedirectionToApplicationPage" time="0.472"/>
  <testcase classname="testNGFramework.AutoTestCase1" name="verifySignInSignUpButtonPresence" time="0.102"/>
  <testcase classname="testNGFramework.AutoTestCase1" name="verifyNavigationToLoginPage" time="1.008"/>
  <testcase classname="testNGFramework.AutoTestCase1" name="verifySignUpButtonPresence" time="0.034"/>
  <testcase classname="testNGFramework.AutoTestCase1" name="verifyNavigationToCreateAccountPage" time="0.477"/>
  <testcase classname="testNGFramework.AutoTestCase1" name="verifyFieldsOnCreateAccountPage" time="0.173"/>
</testsuite> <!-- testNGFramework.AutoTestCase1 -->
