<?xml version="1.0" encoding="UTF-8"?>
<!-- Generated by org.testng.reporters.JUnitReportReporter -->
<testsuite hostname="StormHawker" failures="0" tests="9" name="testNGFramework.AutoTestCase5" time="18.400" errors="0" timestamp="2025-03-27T15:15:29 GMT" skipped="0">
  <testcase classname="testNGFramework.AutoTestCase5" name="verifyRedirectionToNGGIApplication" time="0.465"/>
  <testcase classname="testNGFramework.AutoTestCase5" name="verifySignInSignUpButtonPresence" time="0.065"/>
  <testcase classname="testNGFramework.AutoTestCase5" name="verifyNavigationToLoginPage" time="0.803"/>
  <testcase classname="testNGFramework.AutoTestCase5" name="verifyLoginFunctionality" time="0.590"/>
  <testcase classname="testNGFramework.AutoTestCase5" name="verifySuccessfulLoginNavigation" time="5.102"/>
  <testcase classname="testNGFramework.AutoTestCase5" name="verifyHeaderSectionButtons" time="0.165"/>
  <testcase classname="testNGFramework.AutoTestCase5" name="verifyGrantFormNavigation" time="0.378"/>
  <testcase classname="testNGFramework.AutoTestCase5" name="verifyGrantApplicationFormFields" time="5.130"/>
  <testcase classname="testNGFramework.AutoTestCase5" name="verifyGrantApplicationSubmission" time="5.702"/>
</testsuite> <!-- testNGFramework.AutoTestCase5 -->
